[channel-started:video]cQl3LYjEDcE;(url)s
[channel-started:video]9bYIoGK9cxw;(url)s
[channel-started:video]5QRcGkQ2HW8;(url)s
[channel-started:video]-MYMT1Fc5a4;(url)s
[channel-started:video]u9UnQ212zAY;(url)s
[channel-started:video]vP92CBCQhoE;(url)s
[channel-started:video]ISPyxKxhZ9o;(url)s
[channel-started:video]c2khOhCNYu4;(url)s
[channel-started:video]AHvlwafldVo;(url)s
[channel-started:video]TAFg4ztP88I;(url)s
[channel-started:video]fizONadQf7U;(url)s
[channel-started:video]gVtBS5mh57Q;(url)s
[channel-started:video]Wtd6AkoiXt8;(url)s
[channel-started:video]CpC521-I1GI;(url)s
[channel-started:video]8JJ6_Q6ejOA;(url)s
[channel-started:video]nC_1VigLtO8;(url)s
[channel-started:video]W1aMm0EDCRo;(url)s
[channel-started:video]uIIVboWS46c;(url)s
[channel-started:video]jLNxolF5joY;(url)s
[channel-started:video]cknc3W-a7yA;(url)s
[channel-started:video]aUlb3vZ5W1Q;(url)s
[channel-started:video]fEzijJ2F1hg;(url)s
[channel-started:video]avjY6iGi4iM;(url)s
[channel-started:video]y_B6ZgCfVMM;(url)s
[channel-started:video]hA7B5kzVvDA;(url)s
[channel-started:video]3KPYon5bcHA;(url)s
[channel-started:video]wa8XGrxa6IU;(url)s
[channel-started:video]ViPTkjI2sn8;(url)s
[channel-started:video]orGwj31QeYI;(url)s
[channel-started:video]1cWgHIhwmXA;(url)s
[channel-started:video]j5zIDFCnW5Y;(url)s
[channel-started:video]BAtQg3nAsPc;(url)s
[channel-started:video]HHNhd-IAIn8;(url)s
[channel-started:video]5sNNdKsvtUk;(url)s
[channel-started:video]-04mFy-2HlM;(url)s
[channel-started:video]-RPxZKQPuxQ;(url)s
[channel-started:video]XOTRzXqu0LU;(url)s
[channel-started:video]r-j0-53sgGQ;(url)s
[channel-started:video]qufH5FdPQJc;(url)s
[channel-started:video]9F4Xwbfr3TY;(url)s
[channel-started:video]CGu2tik4Sgk;(url)s
[channel-started:video]etzrt4cBS60;(url)s
[channel-started:video]3QtABSz3bLA;(url)s
[channel-started:video]OU0hBBJfzSs;(url)s
[channel-started:video]arIS1PAs8f8;(url)s
[channel-started:video]qoq20elIFi0;(url)s
[channel-started:video]LTaFwrjPdZc;(url)s
[channel-started:video]dHsZAVGSKuU;(url)s
[channel-started:video]r7ZbIT_wCtQ;(url)s
[channel-started:video]6eFXf4jYzLA;(url)s
[channel-started:video]vGxHVf6RTVY;(url)s
[channel-started:video]Y43nkddNr-g;(url)s
[channel-started:video]ZsDkkYk5BBo;(url)s
[channel-started:video]-Sy4pZdL49Q;(url)s
[channel-started:video]4r_nqzGgo78;(url)s
[channel-started:video]K-suOVhd3fo;(url)s
[channel-started:video]lFpk1zMBQ4E;(url)s
[channel-started:video]_z_tO2UQw5U;(url)s
[channel-started:video]GSSXbnoPpTs;(url)s
[channel-started:video]h88QYFHI1Tg;(url)s
[channel-started:video]TC6Vhu-msVs;(url)s
[channel-started:video]LGo_xRW6UUw;(url)s
[channel-started:video]Nt3gpzQh0ps;(url)s
[channel-started:video]j23ZyVwopzs;(url)s
[channel-started:video]vUQuxOi0gYI;(url)s
[channel-started:video]oY_iFclrKBY;(url)s
[channel-started:video]Pa89kjX-eVo;(url)s
[channel-started:video]4FsGTUPsl84;(url)s
[channel-started:video]rVyGqAROXc8;(url)s
[channel-started:video]71H8zQYX2D0;(url)s
[channel-started:video]2xSxh5u2WuA;(url)s
[channel-started:video]I_TMdgE5MMY;(url)s
[channel-started:video]S1zO7HILPoY;(url)s
[channel-started:video]ZgrKZp_5nvI;(url)s
[channel-started:video]hXXoXyb0mXg;(url)s
[channel-started:video]Yx_HuEnGaEM;(url)s
[channel-started:video]k123H64OhAM;(url)s
[channel-started:video]6fbhaZuO4Hg;(url)s
[channel-started:video]Eq_9upoYDI0;(url)s
[channel-started:video]qObbC6RXF_Y;(url)s
[channel-started:video]JkPMTIxEGEI;(url)s
[channel-started:video]kabxtZD_Hvc;(url)s
[channel-started:video]37XkQQZQ_7A;(url)s
[channel-started:video]u6JCUsSIIbg;(url)s
[channel-started:video]jRqw0euZ4Bk;(url)s
[channel-started:video]cWxcXZ_iaV0;(url)s
[channel-started:video]JwnCtC1CPis;(url)s
[channel-started:video]6j_etwpi_-Y;(url)s
[channel-started:video]A5C_JDS3n6E;(url)s
[channel-started:video]ilRMzAh5lWA;(url)s
[channel-started:video]sGOSX1aFsHw;(url)s
[channel-started:video]KVKyIfsq4rQ;(url)s
[channel-started:video]ByatR7NxhkE;(url)s
[channel-started:video]2JYXJLtnxpE;(url)s
[channel-started:video]JNy5Q04F02I;(url)s
[channel-started:metadata]UC5aT07ImOowYZVrf-8S72Bw;Mabisyo  - Videos;https://www.youtube.com/@What_Is_Mabisyo/videos