[channel-started:video]E2igSCGEnsA;(url)s
[channel-started:video]zmDy7cUsW2g;(url)s
[channel-started:video]rU-c1XWX5PU;(url)s
[channel-started:video]p3YUNi0oqJw;(url)s
[channel-started:video]eMeQyL3kF-k;(url)s
[channel-started:video]eXsY9R-goEk;(url)s
[channel-started:video]ow8xGopi8LA;(url)s
[channel-started:video]rVyK7uQUdqw;(url)s
[channel-started:video]yPdAPlWVhSc;(url)s
[channel-started:video]ZyzWg1CN6Hs;(url)s
[channel-started:video]Fa9RiCre9XY;(url)s
[channel-started:video]V21w1pZwsng;(url)s
[channel-started:video]sqv-IxAt_mU;(url)s
[channel-started:video]3vXhsWF8FZI;(url)s
[channel-started:video]U3VVbhyCzxw;(url)s
[channel-started:video]H3OpGoSknrc;(url)s
[channel-started:video]YU5DgPbqRa8;(url)s
[channel-started:video]zs8Z6HlIHtg;(url)s
[channel-started:video]4sERWjHYvTU;(url)s
[channel-started:video]JRHfj-fohj8;(url)s
[channel-started:video]j08wPO5I3lQ;(url)s
[channel-started:video]IT2uMF0aFzo;(url)s
[channel-started:video]PIZs_pbuMuE;(url)s
[channel-started:video]319_Vg7MeDo;(url)s
[channel-started:video]Hz3szXZJhNA;(url)s
[channel-started:video]ptvh33xR5_c;(url)s
[channel-started:video]zFfMH8gLCow;(url)s
[channel-started:video]0UgafgVeM9w;(url)s
[channel-started:video]uCy6YiTprIg;(url)s
[channel-started:video]pDxmxjl0LZY;(url)s
[channel-started:video]KBaAIACaJOA;(url)s
[channel-started:video]bYeUiG3Kwqs;(url)s
[channel-started:video]b9zk4-KkFAE;(url)s
[channel-started:video]PEEV_PcLWO0;(url)s
[channel-started:video]HdLu911zA2w;(url)s
[channel-started:video]HlGzQimYjRY;(url)s
[channel-started:video]2d0Zvc478fc;(url)s
[channel-started:video]ET2JmjbjE68;(url)s
[channel-started:video]995t5LFHWtM;(url)s
[channel-started:video]809YrA5jVH0;(url)s
[channel-started:video]tsDfQdHlKfw;(url)s
[channel-started:video]SC-mrpIKwdU;(url)s
[channel-started:video]K57uWFwB-ao;(url)s
[channel-started:video]QMQunPdLBxs;(url)s
[channel-started:video]5gXpNUAmYTI;(url)s
[channel-started:video]mCwI3HU9qdg;(url)s
[channel-started:video]DNSMMc3r5qk;(url)s
[channel-started:video]XCqTAw_jRUU;(url)s
[channel-started:video]iRBasH0lBSk;(url)s
[channel-started:video]t6aPIsMSMqA;(url)s
[channel-started:video]hgPWNSuSrt8;(url)s
[channel-started:video]MPANooz_b9Q;(url)s
[channel-started:video]Oi_JECgvf5Y;(url)s
[channel-started:video]Hm-JuDozFP0;(url)s
[channel-started:video]F1ymT4_pT1c;(url)s
[channel-started:video]-2Oqq-lDeVA;(url)s
[channel-started:video]A4ZFIsDaFIo;(url)s
[channel-started:video]-WE-_L_vsrU;(url)s
[channel-started:video]A1wOdDVNdM4;(url)s
[channel-started:video]ypUO5CFMroc;(url)s
[channel-started:video]16ykLoF5kCc;(url)s
[channel-started:video]0_xR4xyxwRk;(url)s
[channel-started:video]ZXZSpMBeJa4;(url)s
[channel-started:video]tEDz2SMu0yM;(url)s
[channel-started:video]DLYI4zqxX1w;(url)s
[channel-started:video]8CwB4T1nkaM;(url)s
[channel-started:video]pixBKxFndPg;(url)s
[channel-started:video]Y0BF6dka9pY;(url)s
[channel-started:video]xNXXEwotPR4;(url)s
[channel-started:video]YwHDMYq0S3g;(url)s
[channel-started:video]upE9WTrjqUE;(url)s
[channel-started:video]J5GZs5WrFs0;(url)s
[channel-started:video]UMEENJx9yXc;(url)s
[channel-started:video]en_HZ1v1GOc;(url)s
[channel-started:video]Uw7yxvjCaC8;(url)s
[channel-started:video]tPzEJ7wrTN4;(url)s
[channel-started:video]VTP2WhO7o78;(url)s
[channel-started:video]OvgaCMyp2gk;(url)s
[channel-started:video]6rJILu9fF8c;(url)s
[channel-started:metadata]UCU5xiNz-QoM7PPi88WD5eyg;mai - Videos;https://www.youtube.com/@mai_dq/videos